C:\Classes\COMP308\Examples\2018\Week7\Angular5HttpClient\Angular5HttpClient\public\app\course.service.js
C:\Classes\COMP308\Examples\2018\Week7\Angular5HttpClient\Angular5HttpClient\public\app\course.service.js.map
C:\Classes\COMP308\Examples\2018\Week7\Angular5HttpClient\Angular5HttpClient\public\app\app.component.js
C:\Classes\COMP308\Examples\2018\Week7\Angular5HttpClient\Angular5HttpClient\public\app\app.component.js.map
C:\Classes\COMP308\Examples\2018\Week7\Angular5HttpClient\Angular5HttpClient\public\app\app.routes.js
C:\Classes\COMP308\Examples\2018\Week7\Angular5HttpClient\Angular5HttpClient\public\app\app.routes.js.map
C:\Classes\COMP308\Examples\2018\Week7\Angular5HttpClient\Angular5HttpClient\public\app\app.module.js
C:\Classes\COMP308\Examples\2018\Week7\Angular5HttpClient\Angular5HttpClient\public\app\app.module.js.map
C:\Classes\COMP308\Examples\2018\Week7\Angular5HttpClient\Angular5HttpClient\public\app\bootstrap.js
C:\Classes\COMP308\Examples\2018\Week7\Angular5HttpClient\Angular5HttpClient\public\app\bootstrap.js.map
C:\Classes\COMP308\Examples\2018\Week7\Angular5HttpClient\Angular5HttpClient\public\app\course.service.js
C:\Classes\COMP308\Examples\2018\Week7\Angular5HttpClient\Angular5HttpClient\public\app\course.service.js.map
C:\Classes\COMP308\Examples\2018\Week7\Angular5HttpClient\Angular5HttpClient\public\app\app.component.js
C:\Classes\COMP308\Examples\2018\Week7\Angular5HttpClient\Angular5HttpClient\public\app\app.component.js.map
C:\Classes\COMP308\Examples\2018\Week7\Angular5HttpClient\Angular5HttpClient\public\app\app.routes.js
C:\Classes\COMP308\Examples\2018\Week7\Angular5HttpClient\Angular5HttpClient\public\app\app.routes.js.map
C:\Classes\COMP308\Examples\2018\Week7\Angular5HttpClient\Angular5HttpClient\public\app\app.module.js
C:\Classes\COMP308\Examples\2018\Week7\Angular5HttpClient\Angular5HttpClient\public\app\app.module.js.map
C:\Classes\COMP308\Examples\2018\Week7\Angular5HttpClient\Angular5HttpClient\public\app\bootstrap.js
C:\Classes\COMP308\Examples\2018\Week7\Angular5HttpClient\Angular5HttpClient\public\app\bootstrap.js.map
C:\Classes\COMP308\Examples\2018\Week7\Angular5HttpClient\Angular5HttpClient\public\app\course.service.js
C:\Classes\COMP308\Examples\2018\Week7\Angular5HttpClient\Angular5HttpClient\public\app\course.service.js.map
C:\Classes\COMP308\Examples\2018\Week7\Angular5HttpClient\Angular5HttpClient\public\app\app.component.js
C:\Classes\COMP308\Examples\2018\Week7\Angular5HttpClient\Angular5HttpClient\public\app\app.component.js.map
C:\Classes\COMP308\Examples\2018\Week7\Angular5HttpClient\Angular5HttpClient\public\app\app.routes.js
C:\Classes\COMP308\Examples\2018\Week7\Angular5HttpClient\Angular5HttpClient\public\app\app.routes.js.map
C:\Classes\COMP308\Examples\2018\Week7\Angular5HttpClient\Angular5HttpClient\public\app\app.module.js
C:\Classes\COMP308\Examples\2018\Week7\Angular5HttpClient\Angular5HttpClient\public\app\app.module.js.map
C:\Classes\COMP308\Examples\2018\Week7\Angular5HttpClient\Angular5HttpClient\public\app\bootstrap.js
C:\Classes\COMP308\Examples\2018\Week7\Angular5HttpClient\Angular5HttpClient\public\app\bootstrap.js.map
C:\Classes\COMP308\Examples\2018\Week7\Angular5HttpClient\Angular5HttpClient\public\app\course.service.js
C:\Classes\COMP308\Examples\2018\Week7\Angular5HttpClient\Angular5HttpClient\public\app\course.service.js.map
C:\Classes\COMP308\Examples\2018\Week7\Angular5HttpClient\Angular5HttpClient\public\app\app.component.js
C:\Classes\COMP308\Examples\2018\Week7\Angular5HttpClient\Angular5HttpClient\public\app\app.component.js.map
C:\Classes\COMP308\Examples\2018\Week7\Angular5HttpClient\Angular5HttpClient\public\app\app.routes.js
C:\Classes\COMP308\Examples\2018\Week7\Angular5HttpClient\Angular5HttpClient\public\app\app.routes.js.map
C:\Classes\COMP308\Examples\2018\Week7\Angular5HttpClient\Angular5HttpClient\public\app\app.module.js
C:\Classes\COMP308\Examples\2018\Week7\Angular5HttpClient\Angular5HttpClient\public\app\app.module.js.map
C:\Classes\COMP308\Examples\2018\Week7\Angular5HttpClient\Angular5HttpClient\public\app\bootstrap.js
C:\Classes\COMP308\Examples\2018\Week7\Angular5HttpClient\Angular5HttpClient\public\app\bootstrap.js.map
C:\Classes\COMP308\Examples\2018\Week7\Angular5HttpClient\Angular5HttpClient\public\app\course.service.js
C:\Classes\COMP308\Examples\2018\Week7\Angular5HttpClient\Angular5HttpClient\public\app\course.service.js.map
C:\Classes\COMP308\Examples\2018\Week7\Angular5HttpClient\Angular5HttpClient\public\app\app.component.js
C:\Classes\COMP308\Examples\2018\Week7\Angular5HttpClient\Angular5HttpClient\public\app\app.component.js.map
C:\Classes\COMP308\Examples\2018\Week7\Angular5HttpClient\Angular5HttpClient\public\app\app.routes.js
C:\Classes\COMP308\Examples\2018\Week7\Angular5HttpClient\Angular5HttpClient\public\app\app.routes.js.map
C:\Classes\COMP308\Examples\2018\Week7\Angular5HttpClient\Angular5HttpClient\public\app\app.module.js
C:\Classes\COMP308\Examples\2018\Week7\Angular5HttpClient\Angular5HttpClient\public\app\app.module.js.map
C:\Classes\COMP308\Examples\2018\Week7\Angular5HttpClient\Angular5HttpClient\public\app\bootstrap.js
C:\Classes\COMP308\Examples\2018\Week7\Angular5HttpClient\Angular5HttpClient\public\app\bootstrap.js.map
C:\Classes\COMP308\Examples\2018\Week7\Angular5HttpClient\Angular5HttpClient\public\app\course.service.js
C:\Classes\COMP308\Examples\2018\Week7\Angular5HttpClient\Angular5HttpClient\public\app\course.service.js.map
C:\Classes\COMP308\Examples\2018\Week7\Angular5HttpClient\Angular5HttpClient\public\app\app.component.js
C:\Classes\COMP308\Examples\2018\Week7\Angular5HttpClient\Angular5HttpClient\public\app\app.component.js.map
C:\Classes\COMP308\Examples\2018\Week7\Angular5HttpClient\Angular5HttpClient\public\app\app.routes.js
C:\Classes\COMP308\Examples\2018\Week7\Angular5HttpClient\Angular5HttpClient\public\app\app.routes.js.map
C:\Classes\COMP308\Examples\2018\Week7\Angular5HttpClient\Angular5HttpClient\public\app\app.module.js
C:\Classes\COMP308\Examples\2018\Week7\Angular5HttpClient\Angular5HttpClient\public\app\app.module.js.map
C:\Classes\COMP308\Examples\2018\Week7\Angular5HttpClient\Angular5HttpClient\public\app\bootstrap.js
C:\Classes\COMP308\Examples\2018\Week7\Angular5HttpClient\Angular5HttpClient\public\app\bootstrap.js.map
C:\Classes\COMP308\Examples\2018\Week7\Angular5HttpClient\Angular5HttpClient\public\app\course.service.js
C:\Classes\COMP308\Examples\2018\Week7\Angular5HttpClient\Angular5HttpClient\public\app\course.service.js.map
C:\Classes\COMP308\Examples\2018\Week7\Angular5HttpClient\Angular5HttpClient\public\app\app.component.js
C:\Classes\COMP308\Examples\2018\Week7\Angular5HttpClient\Angular5HttpClient\public\app\app.component.js.map
C:\Classes\COMP308\Examples\2018\Week7\Angular5HttpClient\Angular5HttpClient\public\app\app.routes.js
C:\Classes\COMP308\Examples\2018\Week7\Angular5HttpClient\Angular5HttpClient\public\app\app.routes.js.map
C:\Classes\COMP308\Examples\2018\Week7\Angular5HttpClient\Angular5HttpClient\public\app\app.module.js
C:\Classes\COMP308\Examples\2018\Week7\Angular5HttpClient\Angular5HttpClient\public\app\app.module.js.map
C:\Classes\COMP308\Examples\2018\Week7\Angular5HttpClient\Angular5HttpClient\public\app\bootstrap.js
C:\Classes\COMP308\Examples\2018\Week7\Angular5HttpClient\Angular5HttpClient\public\app\bootstrap.js.map
C:\Classes\COMP308\Examples\2018\Week7\Angular5HttpClient\Angular5HttpClient\public\app\course.service.js
C:\Classes\COMP308\Examples\2018\Week7\Angular5HttpClient\Angular5HttpClient\public\app\course.service.js.map
C:\Classes\COMP308\Examples\2018\Week7\Angular5HttpClient\Angular5HttpClient\public\app\app.component.js
C:\Classes\COMP308\Examples\2018\Week7\Angular5HttpClient\Angular5HttpClient\public\app\app.component.js.map
C:\Classes\COMP308\Examples\2018\Week7\Angular5HttpClient\Angular5HttpClient\public\app\app.routes.js
C:\Classes\COMP308\Examples\2018\Week7\Angular5HttpClient\Angular5HttpClient\public\app\app.routes.js.map
C:\Classes\COMP308\Examples\2018\Week7\Angular5HttpClient\Angular5HttpClient\public\app\app.module.js
C:\Classes\COMP308\Examples\2018\Week7\Angular5HttpClient\Angular5HttpClient\public\app\app.module.js.map
C:\Classes\COMP308\Examples\2018\Week7\Angular5HttpClient\Angular5HttpClient\public\app\bootstrap.js
C:\Classes\COMP308\Examples\2018\Week7\Angular5HttpClient\Angular5HttpClient\public\app\bootstrap.js.map
C:\Classes\COMP308\Examples\2018\Week7\Angular5HttpClient\Angular5HttpClient\public\app\course.service.js
C:\Classes\COMP308\Examples\2018\Week7\Angular5HttpClient\Angular5HttpClient\public\app\course.service.js.map
C:\Classes\COMP308\Examples\2018\Week7\Angular5HttpClient\Angular5HttpClient\public\app\app.component.js
C:\Classes\COMP308\Examples\2018\Week7\Angular5HttpClient\Angular5HttpClient\public\app\app.component.js.map
C:\Classes\COMP308\Examples\2018\Week7\Angular5HttpClient\Angular5HttpClient\public\app\app.routes.js
C:\Classes\COMP308\Examples\2018\Week7\Angular5HttpClient\Angular5HttpClient\public\app\app.routes.js.map
C:\Classes\COMP308\Examples\2018\Week7\Angular5HttpClient\Angular5HttpClient\public\app\app.module.js
C:\Classes\COMP308\Examples\2018\Week7\Angular5HttpClient\Angular5HttpClient\public\app\app.module.js.map
C:\Classes\COMP308\Examples\2018\Week7\Angular5HttpClient\Angular5HttpClient\public\app\bootstrap.js
C:\Classes\COMP308\Examples\2018\Week7\Angular5HttpClient\Angular5HttpClient\public\app\bootstrap.js.map
C:\Classes\COMP308\Examples\2018\Week8\Angular5HttpClient\Angular5HttpClient\public\app\course.service.js
C:\Classes\COMP308\Examples\2018\Week8\Angular5HttpClient\Angular5HttpClient\public\app\course.service.js.map
C:\Classes\COMP308\Examples\2018\Week8\Angular5HttpClient\Angular5HttpClient\public\app\app.component.js
C:\Classes\COMP308\Examples\2018\Week8\Angular5HttpClient\Angular5HttpClient\public\app\app.component.js.map
C:\Classes\COMP308\Examples\2018\Week8\Angular5HttpClient\Angular5HttpClient\public\app\app.routes.js
C:\Classes\COMP308\Examples\2018\Week8\Angular5HttpClient\Angular5HttpClient\public\app\app.routes.js.map
C:\Classes\COMP308\Examples\2018\Week8\Angular5HttpClient\Angular5HttpClient\public\app\app.module.js
C:\Classes\COMP308\Examples\2018\Week8\Angular5HttpClient\Angular5HttpClient\public\app\app.module.js.map
C:\Classes\COMP308\Examples\2018\Week8\Angular5HttpClient\Angular5HttpClient\public\app\bootstrap.js
C:\Classes\COMP308\Examples\2018\Week8\Angular5HttpClient\Angular5HttpClient\public\app\bootstrap.js.map
C:\Classes\COMP308\Examples\2018\Week8\Angular5HttpClient\Angular5HttpClient\public\app\course.service.js
C:\Classes\COMP308\Examples\2018\Week8\Angular5HttpClient\Angular5HttpClient\public\app\course.service.js.map
C:\Classes\COMP308\Examples\2018\Week8\Angular5HttpClient\Angular5HttpClient\public\app\app.component.js
C:\Classes\COMP308\Examples\2018\Week8\Angular5HttpClient\Angular5HttpClient\public\app\app.component.js.map
C:\Classes\COMP308\Examples\2018\Week8\Angular5HttpClient\Angular5HttpClient\public\app\app.routes.js
C:\Classes\COMP308\Examples\2018\Week8\Angular5HttpClient\Angular5HttpClient\public\app\app.routes.js.map
C:\Classes\COMP308\Examples\2018\Week8\Angular5HttpClient\Angular5HttpClient\public\app\app.module.js
C:\Classes\COMP308\Examples\2018\Week8\Angular5HttpClient\Angular5HttpClient\public\app\app.module.js.map
C:\Classes\COMP308\Examples\2018\Week8\Angular5HttpClient\Angular5HttpClient\public\app\bootstrap.js
C:\Classes\COMP308\Examples\2018\Week8\Angular5HttpClient\Angular5HttpClient\public\app\bootstrap.js.map
C:\Classes\COMP308\Examples\2018\Week8\Angular5HttpClient\Angular5HttpClient\public\app\course.service.js
C:\Classes\COMP308\Examples\2018\Week8\Angular5HttpClient\Angular5HttpClient\public\app\course.service.js.map
C:\Classes\COMP308\Examples\2018\Week8\Angular5HttpClient\Angular5HttpClient\public\app\app.component.js
C:\Classes\COMP308\Examples\2018\Week8\Angular5HttpClient\Angular5HttpClient\public\app\app.component.js.map
C:\Classes\COMP308\Examples\2018\Week8\Angular5HttpClient\Angular5HttpClient\public\app\app.routes.js
C:\Classes\COMP308\Examples\2018\Week8\Angular5HttpClient\Angular5HttpClient\public\app\app.routes.js.map
C:\Classes\COMP308\Examples\2018\Week8\Angular5HttpClient\Angular5HttpClient\public\app\app.module.js
C:\Classes\COMP308\Examples\2018\Week8\Angular5HttpClient\Angular5HttpClient\public\app\app.module.js.map
C:\Classes\COMP308\Examples\2018\Week8\Angular5HttpClient\Angular5HttpClient\public\app\bootstrap.js
C:\Classes\COMP308\Examples\2018\Week8\Angular5HttpClient\Angular5HttpClient\public\app\bootstrap.js.map
C:\Classes\COMP308\Examples\2018\Week8\Angular5HttpClient\Angular5HttpClient\public\app\course.service.js
C:\Classes\COMP308\Examples\2018\Week8\Angular5HttpClient\Angular5HttpClient\public\app\course.service.js.map
C:\Classes\COMP308\Examples\2018\Week8\Angular5HttpClient\Angular5HttpClient\public\app\app.component.js
C:\Classes\COMP308\Examples\2018\Week8\Angular5HttpClient\Angular5HttpClient\public\app\app.component.js.map
C:\Classes\COMP308\Examples\2018\Week8\Angular5HttpClient\Angular5HttpClient\public\app\app.routes.js
C:\Classes\COMP308\Examples\2018\Week8\Angular5HttpClient\Angular5HttpClient\public\app\app.routes.js.map
C:\Classes\COMP308\Examples\2018\Week8\Angular5HttpClient\Angular5HttpClient\public\app\app.module.js
C:\Classes\COMP308\Examples\2018\Week8\Angular5HttpClient\Angular5HttpClient\public\app\app.module.js.map
C:\Classes\COMP308\Examples\2018\Week8\Angular5HttpClient\Angular5HttpClient\public\app\bootstrap.js
C:\Classes\COMP308\Examples\2018\Week8\Angular5HttpClient\Angular5HttpClient\public\app\bootstrap.js.map
C:\Classes\COMP308\Examples\2018\Week8\Angular5HttpClient\Angular5HttpClient\public\app\course.service.js
C:\Classes\COMP308\Examples\2018\Week8\Angular5HttpClient\Angular5HttpClient\public\app\course.service.js.map
C:\Classes\COMP308\Examples\2018\Week8\Angular5HttpClient\Angular5HttpClient\public\app\app.component.js
C:\Classes\COMP308\Examples\2018\Week8\Angular5HttpClient\Angular5HttpClient\public\app\app.component.js.map
C:\Classes\COMP308\Examples\2018\Week8\Angular5HttpClient\Angular5HttpClient\public\app\app.routes.js
C:\Classes\COMP308\Examples\2018\Week8\Angular5HttpClient\Angular5HttpClient\public\app\app.routes.js.map
C:\Classes\COMP308\Examples\2018\Week8\Angular5HttpClient\Angular5HttpClient\public\app\app.module.js
C:\Classes\COMP308\Examples\2018\Week8\Angular5HttpClient\Angular5HttpClient\public\app\app.module.js.map
C:\Classes\COMP308\Examples\2018\Week8\Angular5HttpClient\Angular5HttpClient\public\app\bootstrap.js
C:\Classes\COMP308\Examples\2018\Week8\Angular5HttpClient\Angular5HttpClient\public\app\bootstrap.js.map
C:\Classes\COMP308\Examples\2018\Week8\Angular5HttpClient\Angular5HttpClient\public\app\course.service.js
C:\Classes\COMP308\Examples\2018\Week8\Angular5HttpClient\Angular5HttpClient\public\app\course.service.js.map
C:\Classes\COMP308\Examples\2018\Week8\Angular5HttpClient\Angular5HttpClient\public\app\app.component.js
C:\Classes\COMP308\Examples\2018\Week8\Angular5HttpClient\Angular5HttpClient\public\app\app.component.js.map
C:\Classes\COMP308\Examples\2018\Week8\Angular5HttpClient\Angular5HttpClient\public\app\app.routes.js
C:\Classes\COMP308\Examples\2018\Week8\Angular5HttpClient\Angular5HttpClient\public\app\app.routes.js.map
C:\Classes\COMP308\Examples\2018\Week8\Angular5HttpClient\Angular5HttpClient\public\app\app.module.js
C:\Classes\COMP308\Examples\2018\Week8\Angular5HttpClient\Angular5HttpClient\public\app\app.module.js.map
C:\Classes\COMP308\Examples\2018\Week8\Angular5HttpClient\Angular5HttpClient\public\app\bootstrap.js
C:\Classes\COMP308\Examples\2018\Week8\Angular5HttpClient\Angular5HttpClient\public\app\bootstrap.js.map
C:\Classes\COMP308\Examples\2018\Week8\Angular5HttpClient\Angular5HttpClient\public\app\course.service.js
C:\Classes\COMP308\Examples\2018\Week8\Angular5HttpClient\Angular5HttpClient\public\app\course.service.js.map
C:\Classes\COMP308\Examples\2018\Week8\Angular5HttpClient\Angular5HttpClient\public\app\app.component.js
C:\Classes\COMP308\Examples\2018\Week8\Angular5HttpClient\Angular5HttpClient\public\app\app.component.js.map
C:\Classes\COMP308\Examples\2018\Week8\Angular5HttpClient\Angular5HttpClient\public\app\app.routes.js
C:\Classes\COMP308\Examples\2018\Week8\Angular5HttpClient\Angular5HttpClient\public\app\app.routes.js.map
C:\Classes\COMP308\Examples\2018\Week8\Angular5HttpClient\Angular5HttpClient\public\app\app.module.js
C:\Classes\COMP308\Examples\2018\Week8\Angular5HttpClient\Angular5HttpClient\public\app\app.module.js.map
C:\Classes\COMP308\Examples\2018\Week8\Angular5HttpClient\Angular5HttpClient\public\app\bootstrap.js
C:\Classes\COMP308\Examples\2018\Week8\Angular5HttpClient\Angular5HttpClient\public\app\bootstrap.js.map
C:\Classes\COMP308\Examples\2018\Week8\Angular5HttpClient\Angular5HttpClient\public\app\course.service.js
C:\Classes\COMP308\Examples\2018\Week8\Angular5HttpClient\Angular5HttpClient\public\app\course.service.js.map
C:\Classes\COMP308\Examples\2018\Week8\Angular5HttpClient\Angular5HttpClient\public\app\app.component.js
C:\Classes\COMP308\Examples\2018\Week8\Angular5HttpClient\Angular5HttpClient\public\app\app.component.js.map
C:\Classes\COMP308\Examples\2018\Week8\Angular5HttpClient\Angular5HttpClient\public\app\app.routes.js
C:\Classes\COMP308\Examples\2018\Week8\Angular5HttpClient\Angular5HttpClient\public\app\app.routes.js.map
C:\Classes\COMP308\Examples\2018\Week8\Angular5HttpClient\Angular5HttpClient\public\app\app.module.js
C:\Classes\COMP308\Examples\2018\Week8\Angular5HttpClient\Angular5HttpClient\public\app\app.module.js.map
C:\Classes\COMP308\Examples\2018\Week8\Angular5HttpClient\Angular5HttpClient\public\app\bootstrap.js
C:\Classes\COMP308\Examples\2018\Week8\Angular5HttpClient\Angular5HttpClient\public\app\bootstrap.js.map
C:\Classes\COMP308\Examples\2018\Week8\Angular5HttpClient\Angular5HttpClient\public\app\course.service.js
C:\Classes\COMP308\Examples\2018\Week8\Angular5HttpClient\Angular5HttpClient\public\app\course.service.js.map
C:\Classes\COMP308\Examples\2018\Week8\Angular5HttpClient\Angular5HttpClient\public\app\app.component.js
C:\Classes\COMP308\Examples\2018\Week8\Angular5HttpClient\Angular5HttpClient\public\app\app.component.js.map
C:\Classes\COMP308\Examples\2018\Week8\Angular5HttpClient\Angular5HttpClient\public\app\app.routes.js
C:\Classes\COMP308\Examples\2018\Week8\Angular5HttpClient\Angular5HttpClient\public\app\app.routes.js.map
C:\Classes\COMP308\Examples\2018\Week8\Angular5HttpClient\Angular5HttpClient\public\app\app.module.js
C:\Classes\COMP308\Examples\2018\Week8\Angular5HttpClient\Angular5HttpClient\public\app\app.module.js.map
C:\Classes\COMP308\Examples\2018\Week8\Angular5HttpClient\Angular5HttpClient\public\app\bootstrap.js
C:\Classes\COMP308\Examples\2018\Week8\Angular5HttpClient\Angular5HttpClient\public\app\bootstrap.js.map
C:\Classes\COMP308\Examples\2018\Week8\Angular5HttpClient\Angular5HttpClient\public\app\course.service.js
C:\Classes\COMP308\Examples\2018\Week8\Angular5HttpClient\Angular5HttpClient\public\app\course.service.js.map
C:\Classes\COMP308\Examples\2018\Week8\Angular5HttpClient\Angular5HttpClient\public\app\app.component.js
C:\Classes\COMP308\Examples\2018\Week8\Angular5HttpClient\Angular5HttpClient\public\app\app.component.js.map
C:\Classes\COMP308\Examples\2018\Week8\Angular5HttpClient\Angular5HttpClient\public\app\app.routes.js
C:\Classes\COMP308\Examples\2018\Week8\Angular5HttpClient\Angular5HttpClient\public\app\app.routes.js.map
C:\Classes\COMP308\Examples\2018\Week8\Angular5HttpClient\Angular5HttpClient\public\app\app.module.js
C:\Classes\COMP308\Examples\2018\Week8\Angular5HttpClient\Angular5HttpClient\public\app\app.module.js.map
C:\Classes\COMP308\Examples\2018\Week8\Angular5HttpClient\Angular5HttpClient\public\app\bootstrap.js
C:\Classes\COMP308\Examples\2018\Week8\Angular5HttpClient\Angular5HttpClient\public\app\bootstrap.js.map
C:\Classes\COMP308\Examples\2018\Week8\Angular5HttpClient\Angular5HttpClient\public\app\course.service.js
C:\Classes\COMP308\Examples\2018\Week8\Angular5HttpClient\Angular5HttpClient\public\app\course.service.js.map
C:\Classes\COMP308\Examples\2018\Week8\Angular5HttpClient\Angular5HttpClient\public\app\app.component.js
C:\Classes\COMP308\Examples\2018\Week8\Angular5HttpClient\Angular5HttpClient\public\app\app.component.js.map
C:\Classes\COMP308\Examples\2018\Week8\Angular5HttpClient\Angular5HttpClient\public\app\app.routes.js
C:\Classes\COMP308\Examples\2018\Week8\Angular5HttpClient\Angular5HttpClient\public\app\app.routes.js.map
C:\Classes\COMP308\Examples\2018\Week8\Angular5HttpClient\Angular5HttpClient\public\app\app.module.js
C:\Classes\COMP308\Examples\2018\Week8\Angular5HttpClient\Angular5HttpClient\public\app\app.module.js.map
C:\Classes\COMP308\Examples\2018\Week8\Angular5HttpClient\Angular5HttpClient\public\app\bootstrap.js
C:\Classes\COMP308\Examples\2018\Week8\Angular5HttpClient\Angular5HttpClient\public\app\bootstrap.js.map
C:\Classes\COMP308\Examples\2018\Week8\Angular5HttpClient\Angular5HttpClient\public\app\course.service.js
C:\Classes\COMP308\Examples\2018\Week8\Angular5HttpClient\Angular5HttpClient\public\app\course.service.js.map
C:\Classes\COMP308\Examples\2018\Week8\Angular5HttpClient\Angular5HttpClient\public\app\app.component.js
C:\Classes\COMP308\Examples\2018\Week8\Angular5HttpClient\Angular5HttpClient\public\app\app.component.js.map
C:\Classes\COMP308\Examples\2018\Week8\Angular5HttpClient\Angular5HttpClient\public\app\app.routes.js
C:\Classes\COMP308\Examples\2018\Week8\Angular5HttpClient\Angular5HttpClient\public\app\app.routes.js.map
C:\Classes\COMP308\Examples\2018\Week8\Angular5HttpClient\Angular5HttpClient\public\app\app.module.js
C:\Classes\COMP308\Examples\2018\Week8\Angular5HttpClient\Angular5HttpClient\public\app\app.module.js.map
C:\Classes\COMP308\Examples\2018\Week8\Angular5HttpClient\Angular5HttpClient\public\app\bootstrap.js
C:\Classes\COMP308\Examples\2018\Week8\Angular5HttpClient\Angular5HttpClient\public\app\bootstrap.js.map
C:\Classes\COMP308\Examples\2018\Week8\Angular5HttpClient\Angular5HttpClient\public\app\course.service.js
C:\Classes\COMP308\Examples\2018\Week8\Angular5HttpClient\Angular5HttpClient\public\app\course.service.js.map
C:\Classes\COMP308\Examples\2018\Week8\Angular5HttpClient\Angular5HttpClient\public\app\app.component.js
C:\Classes\COMP308\Examples\2018\Week8\Angular5HttpClient\Angular5HttpClient\public\app\app.component.js.map
C:\Classes\COMP308\Examples\2018\Week8\Angular5HttpClient\Angular5HttpClient\public\app\app.routes.js
C:\Classes\COMP308\Examples\2018\Week8\Angular5HttpClient\Angular5HttpClient\public\app\app.routes.js.map
C:\Classes\COMP308\Examples\2018\Week8\Angular5HttpClient\Angular5HttpClient\public\app\app.module.js
C:\Classes\COMP308\Examples\2018\Week8\Angular5HttpClient\Angular5HttpClient\public\app\app.module.js.map
C:\Classes\COMP308\Examples\2018\Week8\Angular5HttpClient\Angular5HttpClient\public\app\bootstrap.js
C:\Classes\COMP308\Examples\2018\Week8\Angular5HttpClient\Angular5HttpClient\public\app\bootstrap.js.map
C:\Classes\COMP308\Examples\2018\Week8\Angular5HttpClient\Angular5HttpClient\public\app\course.service.js
C:\Classes\COMP308\Examples\2018\Week8\Angular5HttpClient\Angular5HttpClient\public\app\course.service.js.map
C:\Classes\COMP308\Examples\2018\Week8\Angular5HttpClient\Angular5HttpClient\public\app\app.component.js
C:\Classes\COMP308\Examples\2018\Week8\Angular5HttpClient\Angular5HttpClient\public\app\app.component.js.map
C:\Classes\COMP308\Examples\2018\Week8\Angular5HttpClient\Angular5HttpClient\public\app\app.routes.js
C:\Classes\COMP308\Examples\2018\Week8\Angular5HttpClient\Angular5HttpClient\public\app\app.routes.js.map
C:\Classes\COMP308\Examples\2018\Week8\Angular5HttpClient\Angular5HttpClient\public\app\app.module.js
C:\Classes\COMP308\Examples\2018\Week8\Angular5HttpClient\Angular5HttpClient\public\app\app.module.js.map
C:\Classes\COMP308\Examples\2018\Week8\Angular5HttpClient\Angular5HttpClient\public\app\bootstrap.js
C:\Classes\COMP308\Examples\2018\Week8\Angular5HttpClient\Angular5HttpClient\public\app\bootstrap.js.map
C:\Classes\COMP308\Examples\2018\Week8\Angular5HttpClient\Angular5HttpClient\public\app\course.service.js
C:\Classes\COMP308\Examples\2018\Week8\Angular5HttpClient\Angular5HttpClient\public\app\course.service.js.map
C:\Classes\COMP308\Examples\2018\Week8\Angular5HttpClient\Angular5HttpClient\public\app\app.component.js
C:\Classes\COMP308\Examples\2018\Week8\Angular5HttpClient\Angular5HttpClient\public\app\app.component.js.map
C:\Classes\COMP308\Examples\2018\Week8\Angular5HttpClient\Angular5HttpClient\public\app\app.routes.js
C:\Classes\COMP308\Examples\2018\Week8\Angular5HttpClient\Angular5HttpClient\public\app\app.routes.js.map
C:\Classes\COMP308\Examples\2018\Week8\Angular5HttpClient\Angular5HttpClient\public\app\app.module.js
C:\Classes\COMP308\Examples\2018\Week8\Angular5HttpClient\Angular5HttpClient\public\app\app.module.js.map
C:\Classes\COMP308\Examples\2018\Week8\Angular5HttpClient\Angular5HttpClient\public\app\bootstrap.js
C:\Classes\COMP308\Examples\2018\Week8\Angular5HttpClient\Angular5HttpClient\public\app\bootstrap.js.map
